02:23:44 INFO  : Registering command handlers for SDK TCF services
02:23:47 INFO  : Launching XSCT server: xsct -n -interactive /home/anan/git-home/Vivado_NewMyIP/MyIP_Project/MyIP_Project.sdk/temp_xsdb_launch_script.tcl
02:23:49 INFO  : XSCT server has started successfully.
02:23:50 INFO  : Successfully done setting XSCT server connection channel  
02:23:50 INFO  : Successfully done setting SDK workspace  
02:23:50 INFO  : Processing command line option -hwspec /home/anan/git-home/Vivado_NewMyIP/MyIP_Project/MyIP_Project.sdk/design_1_wrapper.hdf.
16:46:59 INFO  : Launching XSCT server: xsct -n -interactive /home/anan/git-home/Vivado_NewMyIP/MyIP_Project/MyIP_Project.sdk/temp_xsdb_launch_script.tcl
16:47:00 INFO  : XSCT server has started successfully.
16:47:00 INFO  : Successfully done setting XSCT server connection channel  
16:47:03 INFO  : Successfully done setting SDK workspace  
16:47:04 INFO  : Registering command handlers for SDK TCF services
16:47:06 INFO  : Processing command line option -hwspec /home/anan/git-home/Vivado_NewMyIP/MyIP_Project/MyIP_Project.sdk/design_1_wrapper.hdf.
16:47:06 INFO  : Checking for hwspec changes in the project design_1_wrapper_hw_platform_0.
17:50:36 INFO  : Connected to target on host '127.0.0.1' and port '3121'.
17:50:48 INFO  : 'targets -set -filter {jtag_cable_name =~ "Digilent Zed 210248525866" && level==0} -index 1' command is executed.
17:50:50 INFO  : FPGA configured successfully with bitstream "/home/anan/git-home/Vivado_NewMyIP/MyIP_Project/MyIP_Project.sdk/design_1_wrapper_hw_platform_0/design_1_wrapper.bit"
17:55:18 INFO  : 'targets -set -filter {jtag_cable_name =~ "Digilent Zed 210248525866" && level==0} -index 1' command is executed.
17:55:18 INFO  : 'fpga -state' command is executed.
17:55:18 INFO  : Connected to target on host '127.0.0.1' and port '3121'.
17:55:18 INFO  : Jtag cable 'Digilent Zed 210248525866' is selected.
17:55:18 INFO  : 'jtag frequency' command is executed.
17:55:18 INFO  : Sourcing of '/home/anan/git-home/Vivado_NewMyIP/MyIP_Project/MyIP_Project.sdk/design_1_wrapper_hw_platform_0/ps7_init.tcl' is done.
17:55:18 INFO  : Context for 'APU' is selected.
17:55:18 INFO  : Hardware design information is loaded from '/home/anan/git-home/Vivado_NewMyIP/MyIP_Project/MyIP_Project.sdk/design_1_wrapper_hw_platform_0/system.hdf'.
17:55:18 INFO  : 'configparams force-mem-access 1' command is executed.
17:55:18 INFO  : Context for 'APU' is selected.
17:55:19 INFO  : 'stop' command is executed.
17:55:19 INFO  : 'ps7_init' command is executed.
17:55:19 INFO  : 'ps7_post_config' command is executed.
17:55:19 INFO  : Context for processor 'ps7_cortexa9_0' is selected.
17:55:19 INFO  : Processor reset is completed for 'ps7_cortexa9_0'.
17:55:19 INFO  : Context for processor 'ps7_cortexa9_0' is selected.
17:55:19 INFO  : The application '/home/anan/git-home/Vivado_NewMyIP/MyIP_Project/MyIP_Project.sdk/MyIP_Project_SDK/Debug/MyIP_Project_SDK.elf' is downloaded to processor 'ps7_cortexa9_0'.
17:55:19 INFO  : 'configparams force-mem-access 0' command is executed.
17:55:19 INFO  : ----------------XSDB Script----------------
connect -url tcp:127.0.0.1:3121
source /home/anan/git-home/Vivado_NewMyIP/MyIP_Project/MyIP_Project.sdk/design_1_wrapper_hw_platform_0/ps7_init.tcl
targets -set -nocase -filter {name =~"APU*" && jtag_cable_name =~ "Digilent Zed 210248525866"} -index 0
loadhw -hw /home/anan/git-home/Vivado_NewMyIP/MyIP_Project/MyIP_Project.sdk/design_1_wrapper_hw_platform_0/system.hdf -mem-ranges [list {0x40000000 0xbfffffff}]
configparams force-mem-access 1
targets -set -nocase -filter {name =~"APU*" && jtag_cable_name =~ "Digilent Zed 210248525866"} -index 0
stop
ps7_init
ps7_post_config
targets -set -nocase -filter {name =~ "ARM*#0" && jtag_cable_name =~ "Digilent Zed 210248525866"} -index 0
rst -processor
targets -set -nocase -filter {name =~ "ARM*#0" && jtag_cable_name =~ "Digilent Zed 210248525866"} -index 0
dow /home/anan/git-home/Vivado_NewMyIP/MyIP_Project/MyIP_Project.sdk/MyIP_Project_SDK/Debug/MyIP_Project_SDK.elf
configparams force-mem-access 0
----------------End of Script----------------

17:55:19 INFO  : Memory regions updated for context APU
17:55:19 INFO  : Context for processor 'ps7_cortexa9_0' is selected.
17:55:19 INFO  : 'con' command is executed.
17:55:19 INFO  : ----------------XSDB Script (After Launch)----------------
targets -set -nocase -filter {name =~ "ARM*#0" && jtag_cable_name =~ "Digilent Zed 210248525866"} -index 0
con
----------------End of Script----------------

17:55:19 INFO  : Launch script is exported to file '/home/anan/git-home/Vivado_NewMyIP/MyIP_Project/MyIP_Project.sdk/.sdk/launch_scripts/xilinx_c-c++_application_(system_debugger)/system_debugger_using_debug_myip_project_sdk.elf_on_local.tcl'
18:01:02 INFO  : Disconnected from the channel tcfchan#1.
18:01:03 INFO  : 'targets -set -filter {jtag_cable_name =~ "Digilent Zed 210248525866" && level==0} -index 1' command is executed.
18:01:03 INFO  : 'fpga -state' command is executed.
18:01:03 INFO  : Connected to target on host '127.0.0.1' and port '3121'.
18:01:03 INFO  : Jtag cable 'Digilent Zed 210248525866' is selected.
18:01:03 INFO  : 'jtag frequency' command is executed.
18:01:03 INFO  : Sourcing of '/home/anan/git-home/Vivado_NewMyIP/MyIP_Project/MyIP_Project.sdk/design_1_wrapper_hw_platform_0/ps7_init.tcl' is done.
18:01:03 INFO  : Context for 'APU' is selected.
18:01:05 INFO  : Hardware design information is loaded from '/home/anan/git-home/Vivado_NewMyIP/MyIP_Project/MyIP_Project.sdk/design_1_wrapper_hw_platform_0/system.hdf'.
18:01:05 INFO  : 'configparams force-mem-access 1' command is executed.
18:01:05 INFO  : Context for 'APU' is selected.
18:01:05 INFO  : 'stop' command is executed.
18:01:05 INFO  : 'ps7_init' command is executed.
18:01:05 INFO  : 'ps7_post_config' command is executed.
18:01:05 INFO  : Context for processor 'ps7_cortexa9_0' is selected.
18:01:05 INFO  : Processor reset is completed for 'ps7_cortexa9_0'.
18:01:05 INFO  : Context for processor 'ps7_cortexa9_0' is selected.
18:01:05 INFO  : The application '/home/anan/git-home/Vivado_NewMyIP/MyIP_Project/MyIP_Project.sdk/MyIP_Project_SDK/Debug/MyIP_Project_SDK.elf' is downloaded to processor 'ps7_cortexa9_0'.
18:01:05 INFO  : 'configparams force-mem-access 0' command is executed.
18:01:05 INFO  : ----------------XSDB Script----------------
connect -url tcp:127.0.0.1:3121
source /home/anan/git-home/Vivado_NewMyIP/MyIP_Project/MyIP_Project.sdk/design_1_wrapper_hw_platform_0/ps7_init.tcl
targets -set -nocase -filter {name =~"APU*" && jtag_cable_name =~ "Digilent Zed 210248525866"} -index 0
loadhw -hw /home/anan/git-home/Vivado_NewMyIP/MyIP_Project/MyIP_Project.sdk/design_1_wrapper_hw_platform_0/system.hdf -mem-ranges [list {0x40000000 0xbfffffff}]
configparams force-mem-access 1
targets -set -nocase -filter {name =~"APU*" && jtag_cable_name =~ "Digilent Zed 210248525866"} -index 0
stop
ps7_init
ps7_post_config
targets -set -nocase -filter {name =~ "ARM*#0" && jtag_cable_name =~ "Digilent Zed 210248525866"} -index 0
rst -processor
targets -set -nocase -filter {name =~ "ARM*#0" && jtag_cable_name =~ "Digilent Zed 210248525866"} -index 0
dow /home/anan/git-home/Vivado_NewMyIP/MyIP_Project/MyIP_Project.sdk/MyIP_Project_SDK/Debug/MyIP_Project_SDK.elf
configparams force-mem-access 0
----------------End of Script----------------

18:01:05 INFO  : Memory regions updated for context APU
18:01:05 INFO  : Context for processor 'ps7_cortexa9_0' is selected.
18:01:05 INFO  : 'con' command is executed.
18:01:05 INFO  : ----------------XSDB Script (After Launch)----------------
targets -set -nocase -filter {name =~ "ARM*#0" && jtag_cable_name =~ "Digilent Zed 210248525866"} -index 0
con
----------------End of Script----------------

18:01:05 INFO  : Launch script is exported to file '/home/anan/git-home/Vivado_NewMyIP/MyIP_Project/MyIP_Project.sdk/.sdk/launch_scripts/xilinx_c-c++_application_(system_debugger)/system_debugger_using_debug_myip_project_sdk.elf_on_local.tcl'
18:05:17 INFO  : Disconnected from the channel tcfchan#2.
18:05:18 INFO  : 'targets -set -filter {jtag_cable_name =~ "Digilent Zed 210248525866" && level==0} -index 1' command is executed.
18:05:18 INFO  : 'fpga -state' command is executed.
18:05:18 INFO  : Connected to target on host '127.0.0.1' and port '3121'.
18:05:19 INFO  : Jtag cable 'Digilent Zed 210248525866' is selected.
18:05:19 INFO  : 'jtag frequency' command is executed.
18:05:19 INFO  : Sourcing of '/home/anan/git-home/Vivado_NewMyIP/MyIP_Project/MyIP_Project.sdk/design_1_wrapper_hw_platform_0/ps7_init.tcl' is done.
18:05:19 INFO  : Context for 'APU' is selected.
18:05:20 INFO  : Hardware design information is loaded from '/home/anan/git-home/Vivado_NewMyIP/MyIP_Project/MyIP_Project.sdk/design_1_wrapper_hw_platform_0/system.hdf'.
18:05:20 INFO  : 'configparams force-mem-access 1' command is executed.
18:05:20 INFO  : Context for 'APU' is selected.
18:05:20 INFO  : 'stop' command is executed.
18:05:21 INFO  : 'ps7_init' command is executed.
18:05:21 INFO  : 'ps7_post_config' command is executed.
18:05:21 INFO  : Context for processor 'ps7_cortexa9_0' is selected.
18:05:21 INFO  : Processor reset is completed for 'ps7_cortexa9_0'.
18:05:21 INFO  : Context for processor 'ps7_cortexa9_0' is selected.
18:05:21 INFO  : The application '/home/anan/git-home/Vivado_NewMyIP/MyIP_Project/MyIP_Project.sdk/MyIP_Project_SDK/Debug/MyIP_Project_SDK.elf' is downloaded to processor 'ps7_cortexa9_0'.
18:05:21 INFO  : 'configparams force-mem-access 0' command is executed.
18:05:21 INFO  : ----------------XSDB Script----------------
connect -url tcp:127.0.0.1:3121
source /home/anan/git-home/Vivado_NewMyIP/MyIP_Project/MyIP_Project.sdk/design_1_wrapper_hw_platform_0/ps7_init.tcl
targets -set -nocase -filter {name =~"APU*" && jtag_cable_name =~ "Digilent Zed 210248525866"} -index 0
loadhw -hw /home/anan/git-home/Vivado_NewMyIP/MyIP_Project/MyIP_Project.sdk/design_1_wrapper_hw_platform_0/system.hdf -mem-ranges [list {0x40000000 0xbfffffff}]
configparams force-mem-access 1
targets -set -nocase -filter {name =~"APU*" && jtag_cable_name =~ "Digilent Zed 210248525866"} -index 0
stop
ps7_init
ps7_post_config
targets -set -nocase -filter {name =~ "ARM*#0" && jtag_cable_name =~ "Digilent Zed 210248525866"} -index 0
rst -processor
targets -set -nocase -filter {name =~ "ARM*#0" && jtag_cable_name =~ "Digilent Zed 210248525866"} -index 0
dow /home/anan/git-home/Vivado_NewMyIP/MyIP_Project/MyIP_Project.sdk/MyIP_Project_SDK/Debug/MyIP_Project_SDK.elf
configparams force-mem-access 0
----------------End of Script----------------

18:05:21 INFO  : Memory regions updated for context APU
18:05:21 INFO  : Context for processor 'ps7_cortexa9_0' is selected.
18:05:21 INFO  : 'con' command is executed.
18:05:21 INFO  : ----------------XSDB Script (After Launch)----------------
targets -set -nocase -filter {name =~ "ARM*#0" && jtag_cable_name =~ "Digilent Zed 210248525866"} -index 0
con
----------------End of Script----------------

18:05:21 INFO  : Launch script is exported to file '/home/anan/git-home/Vivado_NewMyIP/MyIP_Project/MyIP_Project.sdk/.sdk/launch_scripts/xilinx_c-c++_application_(system_debugger)/system_debugger_using_debug_myip_project_sdk.elf_on_local.tcl'
18:06:43 INFO  : Disconnected from the channel tcfchan#3.
18:06:44 INFO  : 'targets -set -filter {jtag_cable_name =~ "Digilent Zed 210248525866" && level==0} -index 1' command is executed.
18:06:44 INFO  : 'fpga -state' command is executed.
18:06:44 INFO  : Connected to target on host '127.0.0.1' and port '3121'.
18:06:45 INFO  : Jtag cable 'Digilent Zed 210248525866' is selected.
18:06:45 INFO  : 'jtag frequency' command is executed.
18:06:45 INFO  : Sourcing of '/home/anan/git-home/Vivado_NewMyIP/MyIP_Project/MyIP_Project.sdk/design_1_wrapper_hw_platform_0/ps7_init.tcl' is done.
18:06:45 INFO  : Context for 'APU' is selected.
18:06:46 INFO  : Hardware design information is loaded from '/home/anan/git-home/Vivado_NewMyIP/MyIP_Project/MyIP_Project.sdk/design_1_wrapper_hw_platform_0/system.hdf'.
18:06:46 INFO  : 'configparams force-mem-access 1' command is executed.
18:06:46 INFO  : Context for 'APU' is selected.
18:06:46 INFO  : 'stop' command is executed.
18:06:46 INFO  : 'ps7_init' command is executed.
18:06:46 INFO  : 'ps7_post_config' command is executed.
18:06:46 INFO  : Context for processor 'ps7_cortexa9_0' is selected.
18:06:46 INFO  : Processor reset is completed for 'ps7_cortexa9_0'.
18:06:46 INFO  : Context for processor 'ps7_cortexa9_0' is selected.
18:06:46 INFO  : The application '/home/anan/git-home/Vivado_NewMyIP/MyIP_Project/MyIP_Project.sdk/MyIP_Project_SDK/Debug/MyIP_Project_SDK.elf' is downloaded to processor 'ps7_cortexa9_0'.
18:06:46 INFO  : 'configparams force-mem-access 0' command is executed.
18:06:46 INFO  : ----------------XSDB Script----------------
connect -url tcp:127.0.0.1:3121
source /home/anan/git-home/Vivado_NewMyIP/MyIP_Project/MyIP_Project.sdk/design_1_wrapper_hw_platform_0/ps7_init.tcl
targets -set -nocase -filter {name =~"APU*" && jtag_cable_name =~ "Digilent Zed 210248525866"} -index 0
loadhw -hw /home/anan/git-home/Vivado_NewMyIP/MyIP_Project/MyIP_Project.sdk/design_1_wrapper_hw_platform_0/system.hdf -mem-ranges [list {0x40000000 0xbfffffff}]
configparams force-mem-access 1
targets -set -nocase -filter {name =~"APU*" && jtag_cable_name =~ "Digilent Zed 210248525866"} -index 0
stop
ps7_init
ps7_post_config
targets -set -nocase -filter {name =~ "ARM*#0" && jtag_cable_name =~ "Digilent Zed 210248525866"} -index 0
rst -processor
targets -set -nocase -filter {name =~ "ARM*#0" && jtag_cable_name =~ "Digilent Zed 210248525866"} -index 0
dow /home/anan/git-home/Vivado_NewMyIP/MyIP_Project/MyIP_Project.sdk/MyIP_Project_SDK/Debug/MyIP_Project_SDK.elf
configparams force-mem-access 0
----------------End of Script----------------

18:06:46 INFO  : Memory regions updated for context APU
18:06:46 INFO  : Context for processor 'ps7_cortexa9_0' is selected.
18:06:46 INFO  : 'con' command is executed.
18:06:46 INFO  : ----------------XSDB Script (After Launch)----------------
targets -set -nocase -filter {name =~ "ARM*#0" && jtag_cable_name =~ "Digilent Zed 210248525866"} -index 0
con
----------------End of Script----------------

18:06:46 INFO  : Launch script is exported to file '/home/anan/git-home/Vivado_NewMyIP/MyIP_Project/MyIP_Project.sdk/.sdk/launch_scripts/xilinx_c-c++_application_(system_debugger)/system_debugger_using_debug_myip_project_sdk.elf_on_local.tcl'
18:07:49 INFO  : Disconnected from the channel tcfchan#4.
15:06:44 INFO  : Registering command handlers for SDK TCF services
15:06:46 INFO  : Launching XSCT server: xsct -n -interactive /home/anan/git-home/Vivado_NewMyIP/MyIP_Project/MyIP_Project.sdk/temp_xsdb_launch_script.tcl
15:06:50 INFO  : XSCT server has started successfully.
15:06:52 INFO  : Successfully done setting XSCT server connection channel  
15:06:52 INFO  : Successfully done setting SDK workspace  
15:06:52 INFO  : Processing command line option -hwspec /home/anan/git-home/Vivado_NewMyIP/MyIP_Project/MyIP_Project.sdk/design_1_wrapper.hdf.
15:06:52 INFO  : Checking for hwspec changes in the project design_1_wrapper_hw_platform_0.
15:13:35 INFO  : Connected to target on host '127.0.0.1' and port '3121'.
15:13:36 INFO  : 'targets -set -filter {jtag_cable_name =~ "Digilent Zed 210248525866" && level==0} -index 1' command is executed.
15:13:42 INFO  : FPGA configured successfully with bitstream "/home/anan/git-home/Vivado_NewMyIP/MyIP_Project/MyIP_Project.sdk/design_1_wrapper_hw_platform_0/design_1_wrapper.bit"
15:14:23 INFO  : 'targets -set -filter {jtag_cable_name =~ "Digilent Zed 210248525866" && level==0} -index 1' command is executed.
15:14:23 INFO  : 'fpga -state' command is executed.
15:14:23 INFO  : Connected to target on host '127.0.0.1' and port '3121'.
15:14:23 INFO  : Jtag cable 'Digilent Zed 210248525866' is selected.
15:14:23 INFO  : 'jtag frequency' command is executed.
15:14:23 INFO  : Sourcing of '/home/anan/git-home/Vivado_NewMyIP/MyIP_Project/MyIP_Project.sdk/design_1_wrapper_hw_platform_0/ps7_init.tcl' is done.
15:14:23 INFO  : Context for 'APU' is selected.
15:14:24 INFO  : Hardware design information is loaded from '/home/anan/git-home/Vivado_NewMyIP/MyIP_Project/MyIP_Project.sdk/design_1_wrapper_hw_platform_0/system.hdf'.
15:14:24 INFO  : 'configparams force-mem-access 1' command is executed.
15:14:24 INFO  : Context for 'APU' is selected.
15:14:24 INFO  : 'stop' command is executed.
15:14:24 INFO  : 'ps7_init' command is executed.
15:14:24 INFO  : 'ps7_post_config' command is executed.
15:14:24 INFO  : Context for processor 'ps7_cortexa9_0' is selected.
15:14:24 INFO  : Processor reset is completed for 'ps7_cortexa9_0'.
15:14:24 INFO  : Context for processor 'ps7_cortexa9_0' is selected.
15:14:24 INFO  : The application '/home/anan/git-home/Vivado_NewMyIP/MyIP_Project/MyIP_Project.sdk/MyIP_Project_SDK/Debug/MyIP_Project_SDK.elf' is downloaded to processor 'ps7_cortexa9_0'.
15:14:24 INFO  : 'configparams force-mem-access 0' command is executed.
15:14:24 INFO  : ----------------XSDB Script----------------
connect -url tcp:127.0.0.1:3121
source /home/anan/git-home/Vivado_NewMyIP/MyIP_Project/MyIP_Project.sdk/design_1_wrapper_hw_platform_0/ps7_init.tcl
targets -set -nocase -filter {name =~"APU*" && jtag_cable_name =~ "Digilent Zed 210248525866"} -index 0
loadhw -hw /home/anan/git-home/Vivado_NewMyIP/MyIP_Project/MyIP_Project.sdk/design_1_wrapper_hw_platform_0/system.hdf -mem-ranges [list {0x40000000 0xbfffffff}]
configparams force-mem-access 1
targets -set -nocase -filter {name =~"APU*" && jtag_cable_name =~ "Digilent Zed 210248525866"} -index 0
stop
ps7_init
ps7_post_config
targets -set -nocase -filter {name =~ "ARM*#0" && jtag_cable_name =~ "Digilent Zed 210248525866"} -index 0
rst -processor
targets -set -nocase -filter {name =~ "ARM*#0" && jtag_cable_name =~ "Digilent Zed 210248525866"} -index 0
dow /home/anan/git-home/Vivado_NewMyIP/MyIP_Project/MyIP_Project.sdk/MyIP_Project_SDK/Debug/MyIP_Project_SDK.elf
configparams force-mem-access 0
----------------End of Script----------------

15:14:24 INFO  : Memory regions updated for context APU
15:14:25 INFO  : Context for processor 'ps7_cortexa9_0' is selected.
15:14:25 INFO  : 'con' command is executed.
15:14:25 INFO  : ----------------XSDB Script (After Launch)----------------
targets -set -nocase -filter {name =~ "ARM*#0" && jtag_cable_name =~ "Digilent Zed 210248525866"} -index 0
con
----------------End of Script----------------

15:14:25 INFO  : Launch script is exported to file '/home/anan/git-home/Vivado_NewMyIP/MyIP_Project/MyIP_Project.sdk/.sdk/launch_scripts/xilinx_c-c++_application_(system_debugger)/system_debugger_using_debug_myip_project_sdk.elf_on_local.tcl'
18:45:31 INFO  : Disconnected from the channel tcfchan#1.
18:08:00 INFO  : Registering command handlers for SDK TCF services
18:08:02 INFO  : Launching XSCT server: xsct -n -interactive /home/anan/git-home/Vivado_NewMyIP/MyIP_Project/MyIP_Project.sdk/temp_xsdb_launch_script.tcl
18:08:03 INFO  : XSCT server has started successfully.
18:08:03 INFO  : Successfully done setting XSCT server connection channel  
18:08:03 INFO  : Successfully done setting SDK workspace  
18:08:03 INFO  : Processing command line option -hwspec /home/anan/git-home/Vivado_NewMyIP/MyIP_Project/MyIP_Project.sdk/design_1_wrapper.hdf.
18:08:03 INFO  : Checking for hwspec changes in the project design_1_wrapper_hw_platform_0.
18:08:52 INFO  : 'targets -set -filter {jtag_cable_name =~ "Digilent Zed 210248525866" && level==0} -index 1' command is executed.
18:08:52 INFO  : 'fpga -state' command is executed.
18:08:52 INFO  : Connected to target on host '127.0.0.1' and port '3121'.
18:08:52 INFO  : Jtag cable 'Digilent Zed 210248525866' is selected.
18:08:52 INFO  : 'jtag frequency' command is executed.
18:08:52 INFO  : Sourcing of '/home/anan/git-home/Vivado_NewMyIP/MyIP_Project/MyIP_Project.sdk/design_1_wrapper_hw_platform_0/ps7_init.tcl' is done.
18:08:52 INFO  : Context for 'APU' is selected.
18:08:52 INFO  : Hardware design information is loaded from '/home/anan/git-home/Vivado_NewMyIP/MyIP_Project/MyIP_Project.sdk/design_1_wrapper_hw_platform_0/system.hdf'.
18:08:52 INFO  : 'configparams force-mem-access 1' command is executed.
18:08:52 INFO  : Context for 'APU' is selected.
18:08:53 INFO  : 'stop' command is executed.
18:08:53 INFO  : 'ps7_init' command is executed.
18:08:53 INFO  : 'ps7_post_config' command is executed.
18:08:53 INFO  : Context for processor 'ps7_cortexa9_0' is selected.
18:08:53 INFO  : Processor reset is completed for 'ps7_cortexa9_0'.
18:08:53 INFO  : Context for processor 'ps7_cortexa9_0' is selected.
18:08:53 INFO  : The application '/home/anan/git-home/Vivado_NewMyIP/MyIP_Project/MyIP_Project.sdk/MyIP_Project_SDK/Debug/MyIP_Project_SDK.elf' is downloaded to processor 'ps7_cortexa9_0'.
18:08:53 INFO  : 'configparams force-mem-access 0' command is executed.
18:08:53 INFO  : ----------------XSDB Script----------------
connect -url tcp:127.0.0.1:3121
source /home/anan/git-home/Vivado_NewMyIP/MyIP_Project/MyIP_Project.sdk/design_1_wrapper_hw_platform_0/ps7_init.tcl
targets -set -nocase -filter {name =~"APU*" && jtag_cable_name =~ "Digilent Zed 210248525866"} -index 0
loadhw -hw /home/anan/git-home/Vivado_NewMyIP/MyIP_Project/MyIP_Project.sdk/design_1_wrapper_hw_platform_0/system.hdf -mem-ranges [list {0x40000000 0xbfffffff}]
configparams force-mem-access 1
targets -set -nocase -filter {name =~"APU*" && jtag_cable_name =~ "Digilent Zed 210248525866"} -index 0
stop
ps7_init
ps7_post_config
targets -set -nocase -filter {name =~ "ARM*#0" && jtag_cable_name =~ "Digilent Zed 210248525866"} -index 0
rst -processor
targets -set -nocase -filter {name =~ "ARM*#0" && jtag_cable_name =~ "Digilent Zed 210248525866"} -index 0
dow /home/anan/git-home/Vivado_NewMyIP/MyIP_Project/MyIP_Project.sdk/MyIP_Project_SDK/Debug/MyIP_Project_SDK.elf
configparams force-mem-access 0
----------------End of Script----------------

18:08:53 INFO  : Memory regions updated for context APU
18:08:53 INFO  : Context for processor 'ps7_cortexa9_0' is selected.
18:08:53 INFO  : 'con' command is executed.
18:08:53 INFO  : ----------------XSDB Script (After Launch)----------------
targets -set -nocase -filter {name =~ "ARM*#0" && jtag_cable_name =~ "Digilent Zed 210248525866"} -index 0
con
----------------End of Script----------------

18:08:53 INFO  : Launch script is exported to file '/home/anan/git-home/Vivado_NewMyIP/MyIP_Project/MyIP_Project.sdk/.sdk/launch_scripts/xilinx_c-c++_application_(system_debugger)/system_debugger_using_debug_myip_project_sdk.elf_on_local.tcl'
18:09:04 INFO  : Connected to target on host '127.0.0.1' and port '3121'.
18:09:05 INFO  : 'targets -set -filter {jtag_cable_name =~ "Digilent Zed 210248525866" && level==0} -index 1' command is executed.
18:09:07 INFO  : FPGA configured successfully with bitstream "/home/anan/git-home/Vivado_NewMyIP/MyIP_Project/MyIP_Project.sdk/design_1_wrapper_hw_platform_0/design_1_wrapper.bit"
18:09:19 INFO  : Disconnected from the channel tcfchan#1.
18:09:20 INFO  : 'targets -set -filter {jtag_cable_name =~ "Digilent Zed 210248525866" && level==0} -index 1' command is executed.
18:09:20 INFO  : 'fpga -state' command is executed.
18:09:20 INFO  : Connected to target on host '127.0.0.1' and port '3121'.
18:09:20 INFO  : Jtag cable 'Digilent Zed 210248525866' is selected.
18:09:20 INFO  : 'jtag frequency' command is executed.
18:09:20 INFO  : Sourcing of '/home/anan/git-home/Vivado_NewMyIP/MyIP_Project/MyIP_Project.sdk/design_1_wrapper_hw_platform_0/ps7_init.tcl' is done.
18:09:20 INFO  : Context for 'APU' is selected.
18:09:22 INFO  : Hardware design information is loaded from '/home/anan/git-home/Vivado_NewMyIP/MyIP_Project/MyIP_Project.sdk/design_1_wrapper_hw_platform_0/system.hdf'.
18:09:22 INFO  : 'configparams force-mem-access 1' command is executed.
18:09:22 INFO  : Context for 'APU' is selected.
18:09:22 INFO  : 'stop' command is executed.
18:09:23 INFO  : 'ps7_init' command is executed.
18:09:23 INFO  : 'ps7_post_config' command is executed.
18:09:23 INFO  : Context for processor 'ps7_cortexa9_0' is selected.
18:09:23 INFO  : Processor reset is completed for 'ps7_cortexa9_0'.
18:09:23 INFO  : Context for processor 'ps7_cortexa9_0' is selected.
18:09:23 INFO  : The application '/home/anan/git-home/Vivado_NewMyIP/MyIP_Project/MyIP_Project.sdk/MyIP_Project_SDK/Debug/MyIP_Project_SDK.elf' is downloaded to processor 'ps7_cortexa9_0'.
18:09:23 INFO  : 'configparams force-mem-access 0' command is executed.
18:09:23 INFO  : ----------------XSDB Script----------------
connect -url tcp:127.0.0.1:3121
source /home/anan/git-home/Vivado_NewMyIP/MyIP_Project/MyIP_Project.sdk/design_1_wrapper_hw_platform_0/ps7_init.tcl
targets -set -nocase -filter {name =~"APU*" && jtag_cable_name =~ "Digilent Zed 210248525866"} -index 0
loadhw -hw /home/anan/git-home/Vivado_NewMyIP/MyIP_Project/MyIP_Project.sdk/design_1_wrapper_hw_platform_0/system.hdf -mem-ranges [list {0x40000000 0xbfffffff}]
configparams force-mem-access 1
targets -set -nocase -filter {name =~"APU*" && jtag_cable_name =~ "Digilent Zed 210248525866"} -index 0
stop
ps7_init
ps7_post_config
targets -set -nocase -filter {name =~ "ARM*#0" && jtag_cable_name =~ "Digilent Zed 210248525866"} -index 0
rst -processor
targets -set -nocase -filter {name =~ "ARM*#0" && jtag_cable_name =~ "Digilent Zed 210248525866"} -index 0
dow /home/anan/git-home/Vivado_NewMyIP/MyIP_Project/MyIP_Project.sdk/MyIP_Project_SDK/Debug/MyIP_Project_SDK.elf
configparams force-mem-access 0
----------------End of Script----------------

18:09:23 INFO  : Memory regions updated for context APU
18:09:23 INFO  : Context for processor 'ps7_cortexa9_0' is selected.
18:09:23 INFO  : 'con' command is executed.
18:09:23 INFO  : ----------------XSDB Script (After Launch)----------------
targets -set -nocase -filter {name =~ "ARM*#0" && jtag_cable_name =~ "Digilent Zed 210248525866"} -index 0
con
----------------End of Script----------------

18:09:23 INFO  : Launch script is exported to file '/home/anan/git-home/Vivado_NewMyIP/MyIP_Project/MyIP_Project.sdk/.sdk/launch_scripts/xilinx_c-c++_application_(system_debugger)/system_debugger_using_debug_myip_project_sdk.elf_on_local.tcl'
18:09:36 INFO  : Disconnected from the channel tcfchan#2.
